;  LST file generated by mikroListExporter - v.2.0 
; Date/Time: 8/1/2023 11:27:38 AM
;----------------------------------------------

;Address Opcode 	ASM
0x0000	0x28AB      	GOTO       171
_Div_16x16_S_L:
;__Lib_Math.c,420 :: 		
;__Lib_Math.c,426 :: 		
0x0003	0x0D71      	RLF        R1, 0
;__Lib_Math.c,427 :: 		
0x0004	0x0DF8      	RLF        R8, 1
;__Lib_Math.c,428 :: 		
0x0005	0x0DF9      	RLF        R9, 1
;__Lib_Math.c,429 :: 		
0x0006	0x0874      	MOVF       R4, 0
;__Lib_Math.c,430 :: 		
0x0007	0x02F8      	SUBWF      R8, 1
;__Lib_Math.c,431 :: 		
0x0008	0x0875      	MOVF       R5, 0
;__Lib_Math.c,432 :: 		
0x0009	0x1C03      	BTFSS      STATUS, 0
;__Lib_Math.c,433 :: 		
0x000A	0x0F75      	INCFSZ     R5, 0
;__Lib_Math.c,434 :: 		
0x000B	0x02F9      	SUBWF      R9, 1
;__Lib_Math.c,435 :: 		
0x000C	0x0DF0      	RLF        R0, 1
;__Lib_Math.c,436 :: 		
0x000D	0x0DF1      	RLF        R1, 1
;__Lib_Math.c,438 :: 		
0x000E	0x300F      	MOVLW      15
;__Lib_Math.c,439 :: 		
0x000F	0x00FC      	MOVWF      R12
;__Lib_Math.c,441 :: 		
0x0010	0x0D71      	RLF        R1, 0
;__Lib_Math.c,442 :: 		
0x0011	0x0DF8      	RLF        R8, 1
;__Lib_Math.c,443 :: 		
0x0012	0x0DF9      	RLF        R9, 1
;__Lib_Math.c,444 :: 		
0x0013	0x0874      	MOVF       R4, 0
;__Lib_Math.c,446 :: 		
0x0014	0x1C70      	BTFSS      R0, 0
;__Lib_Math.c,447 :: 		
0x0015	0x281C      	GOTO       $+7
;__Lib_Math.c,448 :: 		
0x0016	0x02F8      	SUBWF      R8, 1
;__Lib_Math.c,449 :: 		
0x0017	0x0875      	MOVF       R5, 0
;__Lib_Math.c,450 :: 		
0x0018	0x1C03      	BTFSS      STATUS, 0
;__Lib_Math.c,451 :: 		
0x0019	0x0F75      	INCFSZ     R5, 0
;__Lib_Math.c,452 :: 		
0x001A	0x02F9      	SUBWF      R9, 1
;__Lib_Math.c,453 :: 		
0x001B	0x2821      	GOTO       $+6
;__Lib_Math.c,455 :: 		
0x001C	0x07F8      	ADDWF      R8, 1
;__Lib_Math.c,456 :: 		
0x001D	0x0875      	MOVF       R5, 0
;__Lib_Math.c,457 :: 		
0x001E	0x1803      	BTFSC      STATUS, 0
;__Lib_Math.c,458 :: 		
0x001F	0x0F75      	INCFSZ     R5, 0
;__Lib_Math.c,459 :: 		
0x0020	0x07F9      	ADDWF      R9, 1
;__Lib_Math.c,461 :: 		
0x0021	0x0DF0      	RLF        R0, 1
;__Lib_Math.c,462 :: 		
0x0022	0x0DF1      	RLF        R1, 1
;__Lib_Math.c,464 :: 		
0x0023	0x0BFC      	DECFSZ     R12, 1
;__Lib_Math.c,465 :: 		
0x0024	0x2810      	GOTO       $-20
;__Lib_Math.c,467 :: 		
0x0025	0x1870      	BTFSC      R0, 0
;__Lib_Math.c,468 :: 		
0x0026	0x282D      	GOTO       $+7
;__Lib_Math.c,469 :: 		
0x0027	0x0874      	MOVF       R4, 0
;__Lib_Math.c,470 :: 		
0x0028	0x07F8      	ADDWF      R8, 1
;__Lib_Math.c,471 :: 		
0x0029	0x0875      	MOVF       R5, 0
;__Lib_Math.c,472 :: 		
0x002A	0x1803      	BTFSC      STATUS, 0
;__Lib_Math.c,473 :: 		
0x002B	0x0F75      	INCFSZ     R5, 0
;__Lib_Math.c,474 :: 		
0x002C	0x07F9      	ADDWF      R9, 1
;__Lib_Math.c,475 :: 		
0x002D	0x0000      	NOP
;__Lib_Math.c,477 :: 		
L_end_Div_16x16_S_L:
0x002E	0x0008      	RETURN
; end of _Div_16x16_S_L
_____DoICP:
;__Lib_System.c,6 :: 		
;__Lib_System.c,9 :: 		
0x002F	0x1283      	BCF        STATUS, 5
0x0030	0x1303      	BCF        STATUS, 6
0x0031	0x0854      	MOVF       ___DoICPAddr+1, 0
0x0032	0x008A      	MOVWF      PCLATH
;__Lib_System.c,10 :: 		
0x0033	0x0853      	MOVF       ___DoICPAddr, 0
0x0034	0x0082      	MOVWF      PCL
;__Lib_System.c,12 :: 		
L_end_____DoICP:
0x0035	0x0008      	RETURN
; end of _____DoICP
___CC2DW:
;__Lib_System.c,134 :: 		
;__Lib_System.c,137 :: 		
_CC2D_Loop1:
;__Lib_System.c,139 :: 		
0x0036	0x202F      	CALL       _____DoICP
0x0037	0x118A      	BCF        PCLATH, 3
0x0038	0x120A      	BCF        PCLATH, 4
;__Lib_System.c,141 :: 		
0x0039	0x0080      	MOVWF      INDF
;__Lib_System.c,142 :: 		
0x003A	0x0A84      	INCF       FSR, 1
;__Lib_System.c,143 :: 		
0x003B	0x0AD3      	INCF       ___DoICPAddr, 1
;__Lib_System.c,145 :: 		
0x003C	0x1903      	BTFSC      STATUS, 2
;__Lib_System.c,146 :: 		
0x003D	0x0AD4      	INCF       ___DoICPAddr+1, 1
;__Lib_System.c,147 :: 		
0x003E	0x03F0      	DECF       R0, 1
;__Lib_System.c,149 :: 		
0x003F	0x1D03      	BTFSS      STATUS, 2
;__Lib_System.c,150 :: 		
0x0040	0x2836      	GOTO       _CC2D_Loop1
;__Lib_System.c,152 :: 		
L_end___CC2DW:
0x0041	0x0008      	RETURN
; end of ___CC2DW
_Div_16x16_S:
;__Lib_Math.c,479 :: 		
;__Lib_Math.c,487 :: 		
0x0042	0x1283      	BCF        STATUS, 5
0x0043	0x1303      	BCF        STATUS, 6
0x0044	0x0874      	MOVF       R4, 0
0x0045	0x3A00      	XORLW      0
0x0046	0x1D03      	BTFSS      STATUS, 2
0x0047	0x2851      	GOTO       L_Div_16x16_S0
;__Lib_Math.c,488 :: 		
0x0048	0x0875      	MOVF       R5, 0
0x0049	0x3A00      	XORLW      0
0x004A	0x1D03      	BTFSS      STATUS, 2
0x004B	0x2851      	GOTO       L_Div_16x16_S1
;__Lib_Math.c,489 :: 		
0x004C	0x30FF      	MOVLW      255
0x004D	0x00F0      	MOVWF      R0
;__Lib_Math.c,490 :: 		
0x004E	0x307F      	MOVLW      127
0x004F	0x00F1      	MOVWF      R1
;__Lib_Math.c,491 :: 		
0x0050	0x28AA      	GOTO       L_end_Div_16x16_S
;__Lib_Math.c,492 :: 		
L_Div_16x16_S1:
L_Div_16x16_S0:
;__Lib_Math.c,495 :: 		
0x0051	0x1283      	BCF        STATUS, 5
;__Lib_Math.c,496 :: 		
0x0052	0x1303      	BCF        STATUS, 6
;__Lib_Math.c,497 :: 		
0x0053	0x01FD      	CLRF       R13
;__Lib_Math.c,498 :: 		
0x0054	0x01F9      	CLRF       R9
;__Lib_Math.c,499 :: 		
0x0055	0x01F8      	CLRF       R8
;__Lib_Math.c,500 :: 		
0x0056	0x0871      	MOVF       R1, 0
;__Lib_Math.c,501 :: 		
0x0057	0x0470      	IORWF      R0, 0
;__Lib_Math.c,502 :: 		
0x0058	0x1903      	BTFSC      STATUS, 2
;__Lib_Math.c,503 :: 		
0x0059	0x3400      	RETLW      0
;__Lib_Math.c,505 :: 		
0x005A	0x0871      	MOVF       R1, 0
;__Lib_Math.c,506 :: 		
0x005B	0x0675      	XORWF      R5, 0
;__Lib_Math.c,507 :: 		
0x005C	0x00FA      	MOVWF      R10
;__Lib_Math.c,508 :: 		
0x005D	0x1BFA      	BTFSC      R10, 7
;__Lib_Math.c,509 :: 		
0x005E	0x09FD      	COMF       R13, 1
;__Lib_Math.c,511 :: 		
0x005F	0x01FB      	CLRF       R11
;__Lib_Math.c,513 :: 		
0x0060	0x1FF5      	BTFSS      R5, 7
;__Lib_Math.c,514 :: 		
0x0061	0x2867      	GOTO       $+6
;__Lib_Math.c,516 :: 		
0x0062	0x09F4      	COMF       R4, 1
;__Lib_Math.c,517 :: 		
0x0063	0x09F5      	COMF       R5, 1
;__Lib_Math.c,518 :: 		
0x0064	0x0AF4      	INCF       R4, 1
;__Lib_Math.c,519 :: 		
0x0065	0x1903      	BTFSC      STATUS, 2
;__Lib_Math.c,520 :: 		
0x0066	0x0AF5      	INCF       R5, 1
;__Lib_Math.c,522 :: 		
0x0067	0x1FF1      	BTFSS      R1, 7
;__Lib_Math.c,523 :: 		
0x0068	0x286E      	GOTO       $+6
;__Lib_Math.c,525 :: 		
0x0069	0x09F0      	COMF       R0, 1
;__Lib_Math.c,526 :: 		
0x006A	0x09F1      	COMF       R1, 1
;__Lib_Math.c,527 :: 		
0x006B	0x0AF0      	INCF       R0, 1
;__Lib_Math.c,528 :: 		
0x006C	0x1903      	BTFSC      STATUS, 2
;__Lib_Math.c,529 :: 		
0x006D	0x0AF1      	INCF       R1, 1
;__Lib_Math.c,531 :: 		
0x006E	0x0871      	MOVF       R1, 0
;__Lib_Math.c,532 :: 		
0x006F	0x0475      	IORWF      R5, 0
;__Lib_Math.c,533 :: 		
0x0070	0x00FA      	MOVWF      R10
;__Lib_Math.c,534 :: 		
0x0071	0x1BFA      	BTFSC      R10, 7
;__Lib_Math.c,535 :: 		
0x0072	0x2883      	GOTO       $+17
;__Lib_Math.c,537 :: 		
0x0073	0x2003      	CALL       _Div_16x16_S_L
;__Lib_Math.c,539 :: 		
0x0074	0x187B      	BTFSC      R11, 0
;__Lib_Math.c,540 :: 		
0x0075	0x2896      	GOTO       $+33
;__Lib_Math.c,542 :: 		
0x0076	0x1FFD      	BTFSS      R13, 7
;__Lib_Math.c,543 :: 		
0x0077	0x3400      	RETLW      0
;__Lib_Math.c,545 :: 		
0x0078	0x09F0      	COMF       R0, 1
;__Lib_Math.c,546 :: 		
0x0079	0x09F1      	COMF       R1, 1
;__Lib_Math.c,547 :: 		
0x007A	0x0AF0      	INCF       R0, 1
;__Lib_Math.c,548 :: 		
0x007B	0x1903      	BTFSC      STATUS, 2
;__Lib_Math.c,549 :: 		
0x007C	0x0AF1      	INCF       R1, 1
;__Lib_Math.c,551 :: 		
0x007D	0x09F8      	COMF       R8, 1
;__Lib_Math.c,552 :: 		
0x007E	0x09F9      	COMF       R9, 1
;__Lib_Math.c,553 :: 		
0x007F	0x0AF8      	INCF       R8, 1
;__Lib_Math.c,554 :: 		
0x0080	0x1903      	BTFSC      STATUS, 2
;__Lib_Math.c,555 :: 		
0x0081	0x0AF9      	INCF       R9, 1
;__Lib_Math.c,557 :: 		
0x0082	0x3400      	RETLW      0
;__Lib_Math.c,559 :: 		
0x0083	0x1FF5      	BTFSS      R5, 7
;__Lib_Math.c,560 :: 		
0x0084	0x2892      	GOTO       $+14
;__Lib_Math.c,561 :: 		
0x0085	0x1BF1      	BTFSC      R1, 7
;__Lib_Math.c,562 :: 		
0x0086	0x288E      	GOTO       $+8
;__Lib_Math.c,563 :: 		
0x0087	0x0871      	MOVF       R1, 0
;__Lib_Math.c,564 :: 		
0x0088	0x00F9      	MOVWF      R9
;__Lib_Math.c,565 :: 		
0x0089	0x0870      	MOVF       R0, 0
;__Lib_Math.c,566 :: 		
0x008A	0x00F8      	MOVWF      R8
;__Lib_Math.c,567 :: 		
0x008B	0x01F1      	CLRF       R1
;__Lib_Math.c,568 :: 		
0x008C	0x01F0      	CLRF       R0
;__Lib_Math.c,569 :: 		
0x008D	0x2876      	GOTO       $-23
;__Lib_Math.c,570 :: 		
0x008E	0x01F1      	CLRF       R1
;__Lib_Math.c,571 :: 		
0x008F	0x01F0      	CLRF       R0
;__Lib_Math.c,572 :: 		
0x0090	0x0AF0      	INCF       R0, 1
;__Lib_Math.c,573 :: 		
0x0091	0x3400      	RETLW      0
;__Lib_Math.c,575 :: 		
0x0092	0x09F1      	COMF       R1, 1
;__Lib_Math.c,576 :: 		
0x0093	0x09F0      	COMF       R0, 1
;__Lib_Math.c,577 :: 		
0x0094	0x0AFB      	INCF       R11, 1
;__Lib_Math.c,578 :: 		
0x0095	0x2873      	GOTO       $-34
;__Lib_Math.c,580 :: 		
0x0096	0x0AF8      	INCF       R8, 1
;__Lib_Math.c,581 :: 		
0x0097	0x1903      	BTFSC      STATUS, 2
;__Lib_Math.c,582 :: 		
0x0098	0x0AF9      	INCF       R9, 1
;__Lib_Math.c,583 :: 		
0x0099	0x0874      	MOVF       R4, 0
;__Lib_Math.c,584 :: 		
0x009A	0x0278      	SUBWF      R8, 0
;__Lib_Math.c,585 :: 		
0x009B	0x1D03      	BTFSS      STATUS, 2
;__Lib_Math.c,586 :: 		
0x009C	0x2876      	GOTO       $-38
;__Lib_Math.c,587 :: 		
0x009D	0x0875      	MOVF       R5, 0
;__Lib_Math.c,588 :: 		
0x009E	0x0279      	SUBWF      R9, 0
;__Lib_Math.c,589 :: 		
0x009F	0x1D03      	BTFSS      STATUS, 2
;__Lib_Math.c,590 :: 		
0x00A0	0x2876      	GOTO       $-42
;__Lib_Math.c,591 :: 		
0x00A1	0x01F9      	CLRF       R9
;__Lib_Math.c,592 :: 		
0x00A2	0x01F8      	CLRF       R8
;__Lib_Math.c,593 :: 		
0x00A3	0x0AF0      	INCF       R0, 1
;__Lib_Math.c,594 :: 		
0x00A4	0x1903      	BTFSC      STATUS, 2
;__Lib_Math.c,595 :: 		
0x00A5	0x0AF1      	INCF       R1, 1
;__Lib_Math.c,596 :: 		
0x00A6	0x1FF1      	BTFSS      R1, 7
;__Lib_Math.c,597 :: 		
0x00A7	0x2876      	GOTO       $-49
;__Lib_Math.c,598 :: 		
0x00A8	0x0000      	NOP
;__Lib_Math.c,599 :: 		
0x00A9	0x34FF      	RETLW      255
;__Lib_Math.c,601 :: 		
L_end_Div_16x16_S:
0x00AA	0x0008      	RETURN
; end of _Div_16x16_S
_main:
0x00AB	0x2434      	CALL       1076
;code.c,7 :: 		void main() {
;code.c,9 :: 		ADCON1=0X07;
0x00AC	0x3007      	MOVLW      7
0x00AD	0x1683      	BSF        STATUS, 5
0x00AE	0x1303      	BCF        STATUS, 6
0x00AF	0x009F      	MOVWF      ADCON1
;code.c,10 :: 		TRISD=0x00;
0x00B0	0x0188      	CLRF       TRISD
;code.c,11 :: 		TRISC=0x00;
0x00B1	0x0187      	CLRF       TRISC
;code.c,12 :: 		trisb=0x01;
0x00B2	0x3001      	MOVLW      1
0x00B3	0x0086      	MOVWF      TRISB
;code.c,13 :: 		portd=0x00;  PORTb=0x00;  portb.B1=1;//red on
0x00B4	0x1283      	BCF        STATUS, 5
0x00B5	0x0188      	CLRF       PORTD
0x00B6	0x0186      	CLRF       PORTB
0x00B7	0x1486      	BSF        PORTB, 1
;code.c,14 :: 		portb.B6=1;  trisa.B2=1;
0x00B8	0x1706      	BSF        PORTB, 6
0x00B9	0x1683      	BSF        STATUS, 5
0x00BA	0x1505      	BSF        TRISA, 2
;code.c,15 :: 		PORTd.B0=1;
0x00BB	0x1283      	BCF        STATUS, 5
0x00BC	0x1408      	BSF        PORTD, 0
;code.c,16 :: 		PORTd.B1=1;
0x00BD	0x1488      	BSF        PORTD, 1
;code.c,17 :: 		PORTd.B2=1;
0x00BE	0x1508      	BSF        PORTD, 2
;code.c,18 :: 		PORTd.B3=1;
0x00BF	0x1588      	BSF        PORTD, 3
;code.c,21 :: 		trisa.B4=1;
0x00C0	0x1683      	BSF        STATUS, 5
0x00C1	0x1605      	BSF        TRISA, 4
;code.c,22 :: 		PORTc=0x00;
0x00C2	0x1283      	BCF        STATUS, 5
0x00C3	0x0187      	CLRF       PORTC
;code.c,23 :: 		for(;;){   while(porta.b4==1){
L_main0:
L_main3:
0x00C4	0x1E05      	BTFSS      PORTA, 4
0x00C5	0x2B0B      	GOTO       L_main4
;code.c,24 :: 		autom :portb=0;
___main_autom:
0x00C6	0x0186      	CLRF       PORTB
;code.c,25 :: 		if (porta.B4==0){ goto manual;}
0x00C7	0x1A05      	BTFSC      PORTA, 4
0x00C8	0x28CA      	GOTO       L_main5
0x00C9	0x2B0B      	GOTO       ___main_manual
L_main5:
;code.c,26 :: 		for(count=0;count<=15;count++){   if (porta.B4==0){ goto manual;}
0x00CA	0x01A4      	CLRF       _count
L_main6:
0x00CB	0x0824      	MOVF       _count, 0
0x00CC	0x3C0F      	SUBLW      15
0x00CD	0x1C03      	BTFSS      STATUS, 0
0x00CE	0x29EA      	GOTO       L_main7
0x00CF	0x1A05      	BTFSC      PORTA, 4
0x00D0	0x28D2      	GOTO       L_main9
0x00D1	0x2B0B      	GOTO       ___main_manual
L_main9:
;code.c,27 :: 		portb.b1=1;  portb.b2=0  ;
0x00D2	0x1486      	BSF        PORTB, 1
0x00D3	0x1106      	BCF        PORTB, 2
;code.c,28 :: 		left=(red-count )/10;
0x00D4	0x0824      	MOVF       _count, 0
0x00D5	0x0220      	SUBWF      _red, 0
0x00D6	0x00D5      	MOVWF      FLOC__main
0x00D7	0x01D6      	CLRF       FLOC__main+1
0x00D8	0x1C03      	BTFSS      STATUS, 0
0x00D9	0x03D6      	DECF       FLOC__main+1, 1
0x00DA	0x300A      	MOVLW      10
0x00DB	0x00F4      	MOVWF      R4
0x00DC	0x3000      	MOVLW      0
0x00DD	0x00F5      	MOVWF      R4+1
0x00DE	0x0855      	MOVF       FLOC__main, 0
0x00DF	0x00F0      	MOVWF      R0
0x00E0	0x0856      	MOVF       FLOC__main+1, 0
0x00E1	0x00F1      	MOVWF      R0+1
0x00E2	0x2042      	CALL       _Div_16x16_S
0x00E3	0x0870      	MOVF       R0, 0
0x00E4	0x00A1      	MOVWF      _left
;code.c,29 :: 		right=(red - count )%10;
0x00E5	0x300A      	MOVLW      10
0x00E6	0x00F4      	MOVWF      R4
0x00E7	0x3000      	MOVLW      0
0x00E8	0x00F5      	MOVWF      R4+1
0x00E9	0x0855      	MOVF       FLOC__main, 0
0x00EA	0x00F0      	MOVWF      R0
0x00EB	0x0856      	MOVF       FLOC__main+1, 0
0x00EC	0x00F1      	MOVWF      R0+1
0x00ED	0x2042      	CALL       _Div_16x16_S
0x00EE	0x0878      	MOVF       R8, 0
0x00EF	0x00F0      	MOVWF      R0
0x00F0	0x0879      	MOVF       R8+1, 0
0x00F1	0x00F1      	MOVWF      R0+1
0x00F2	0x0870      	MOVF       R0, 0
0x00F3	0x00A3      	MOVWF      _right
;code.c,30 :: 		left1=(green1 - count )/10;
0x00F4	0x0824      	MOVF       _count, 0
0x00F5	0x0250      	SUBWF      _green1, 0
0x00F6	0x00D5      	MOVWF      FLOC__main
0x00F7	0x01D6      	CLRF       FLOC__main+1
0x00F8	0x1C03      	BTFSS      STATUS, 0
0x00F9	0x03D6      	DECF       FLOC__main+1, 1
0x00FA	0x300A      	MOVLW      10
0x00FB	0x00F4      	MOVWF      R4
0x00FC	0x3000      	MOVLW      0
0x00FD	0x00F5      	MOVWF      R4+1
0x00FE	0x0855      	MOVF       FLOC__main, 0
0x00FF	0x00F0      	MOVWF      R0
0x0100	0x0856      	MOVF       FLOC__main+1, 0
0x0101	0x00F1      	MOVWF      R0+1
0x0102	0x2042      	CALL       _Div_16x16_S
0x0103	0x0870      	MOVF       R0, 0
0x0104	0x00A2      	MOVWF      _left1
;code.c,31 :: 		right1=(green1  - count  )%10;
0x0105	0x300A      	MOVLW      10
0x0106	0x00F4      	MOVWF      R4
0x0107	0x3000      	MOVLW      0
0x0108	0x00F5      	MOVWF      R4+1
0x0109	0x0855      	MOVF       FLOC__main, 0
0x010A	0x00F0      	MOVWF      R0
0x010B	0x0856      	MOVF       FLOC__main+1, 0
0x010C	0x00F1      	MOVWF      R0+1
0x010D	0x2042      	CALL       _Div_16x16_S
0x010E	0x0878      	MOVF       R8, 0
0x010F	0x00F0      	MOVWF      R0
0x0110	0x0879      	MOVF       R8+1, 0
0x0111	0x00F1      	MOVWF      R0+1
0x0112	0x0870      	MOVF       R0, 0
0x0113	0x00CF      	MOVWF      _right1
;code.c,32 :: 		if (count>=12){
0x0114	0x300C      	MOVLW      12
0x0115	0x0224      	SUBWF      _count, 0
0x0116	0x1C03      	BTFSS      STATUS, 0
0x0117	0x2943      	GOTO       L_main10
;code.c,33 :: 		left1=(yellow+12-count)/10;
0x0118	0x300C      	MOVLW      12
0x0119	0x0752      	ADDWF      _yellow, 0
0x011A	0x00F0      	MOVWF      R0
0x011B	0x01F1      	CLRF       R0+1
0x011C	0x1803      	BTFSC      STATUS, 0
0x011D	0x0AF1      	INCF       R0+1, 1
0x011E	0x0824      	MOVF       _count, 0
0x011F	0x0270      	SUBWF      R0, 0
0x0120	0x00D5      	MOVWF      FLOC__main
0x0121	0x3000      	MOVLW      0
0x0122	0x1C03      	BTFSS      STATUS, 0
0x0123	0x3E01      	ADDLW      1
0x0124	0x0271      	SUBWF      R0+1, 0
0x0125	0x00D6      	MOVWF      FLOC__main+1
0x0126	0x300A      	MOVLW      10
0x0127	0x00F4      	MOVWF      R4
0x0128	0x3000      	MOVLW      0
0x0129	0x00F5      	MOVWF      R4+1
0x012A	0x0855      	MOVF       FLOC__main, 0
0x012B	0x00F0      	MOVWF      R0
0x012C	0x0856      	MOVF       FLOC__main+1, 0
0x012D	0x00F1      	MOVWF      R0+1
0x012E	0x2042      	CALL       _Div_16x16_S
0x012F	0x0870      	MOVF       R0, 0
0x0130	0x00A2      	MOVWF      _left1
;code.c,34 :: 		right1=(yellow+12-count )%10;
0x0131	0x300A      	MOVLW      10
0x0132	0x00F4      	MOVWF      R4
0x0133	0x3000      	MOVLW      0
0x0134	0x00F5      	MOVWF      R4+1
0x0135	0x0855      	MOVF       FLOC__main, 0
0x0136	0x00F0      	MOVWF      R0
0x0137	0x0856      	MOVF       FLOC__main+1, 0
0x0138	0x00F1      	MOVWF      R0+1
0x0139	0x2042      	CALL       _Div_16x16_S
0x013A	0x0878      	MOVF       R8, 0
0x013B	0x00F0      	MOVWF      R0
0x013C	0x0879      	MOVF       R8+1, 0
0x013D	0x00F1      	MOVWF      R0+1
0x013E	0x0870      	MOVF       R0, 0
0x013F	0x00CF      	MOVWF      _right1
;code.c,35 :: 		portb.b5=1 ;
0x0140	0x1686      	BSF        PORTB, 5
;code.c,36 :: 		portb.b6=0;
0x0141	0x1306      	BCF        PORTB, 6
;code.c,38 :: 		}else{  portb.b4=0;  portb.b5=0;
0x0142	0x2946      	GOTO       L_main11
L_main10:
0x0143	0x1206      	BCF        PORTB, 4
0x0144	0x1286      	BCF        PORTB, 5
;code.c,39 :: 		portb.b6=1;
0x0145	0x1706      	BSF        PORTB, 6
;code.c,40 :: 		}
L_main11:
;code.c,41 :: 		for(i=0;i<50;i++){
0x0146	0x01D1      	CLRF       _i
L_main12:
0x0147	0x3032      	MOVLW      50
0x0148	0x0251      	SUBWF      _i, 0
0x0149	0x1803      	BTFSC      STATUS, 0
0x014A	0x29E8      	GOTO       L_main13
;code.c,44 :: 		portd.b0=1;
0x014B	0x1408      	BSF        PORTD, 0
;code.c,45 :: 		portd.B1=0 ;
0x014C	0x1088      	BCF        PORTD, 1
;code.c,46 :: 		portc.b0=i0[right];
0x014D	0x0823      	MOVF       _right, 0
0x014E	0x3E45      	ADDLW      _i0
0x014F	0x0084      	MOVWF      FSR
0x0150	0x1800      	BTFSC      INDF, 0
0x0151	0x2954      	GOTO       L__main54
0x0152	0x1007      	BCF        PORTC, 0
0x0153	0x2955      	GOTO       L__main55
L__main54:
0x0154	0x1407      	BSF        PORTC, 0
L__main55:
;code.c,47 :: 		portc.b1=i1[right];
0x0155	0x0823      	MOVF       _right, 0
0x0156	0x3E31      	ADDLW      _i1
0x0157	0x0084      	MOVWF      FSR
0x0158	0x1800      	BTFSC      INDF, 0
0x0159	0x295C      	GOTO       L__main56
0x015A	0x1087      	BCF        PORTC, 1
0x015B	0x295D      	GOTO       L__main57
L__main56:
0x015C	0x1487      	BSF        PORTC, 1
L__main57:
;code.c,48 :: 		portc.b2=i2[right];
0x015D	0x0823      	MOVF       _right, 0
0x015E	0x3E27      	ADDLW      _i2
0x015F	0x0084      	MOVWF      FSR
0x0160	0x1800      	BTFSC      INDF, 0
0x0161	0x2964      	GOTO       L__main58
0x0162	0x1107      	BCF        PORTC, 2
0x0163	0x2965      	GOTO       L__main59
L__main58:
0x0164	0x1507      	BSF        PORTC, 2
L__main59:
;code.c,49 :: 		portc.b3=i3[right];          portd.b2=1;
0x0165	0x0823      	MOVF       _right, 0
0x0166	0x3E3B      	ADDLW      _i3
0x0167	0x0084      	MOVWF      FSR
0x0168	0x1800      	BTFSC      INDF, 0
0x0169	0x296C      	GOTO       L__main60
0x016A	0x1187      	BCF        PORTC, 3
0x016B	0x296D      	GOTO       L__main61
L__main60:
0x016C	0x1587      	BSF        PORTC, 3
L__main61:
0x016D	0x1508      	BSF        PORTD, 2
;code.c,50 :: 		portd.B3=0 ;
0x016E	0x1188      	BCF        PORTD, 3
;code.c,52 :: 		portc.b4=i0[right1];
0x016F	0x084F      	MOVF       _right1, 0
0x0170	0x3E45      	ADDLW      _i0
0x0171	0x0084      	MOVWF      FSR
0x0172	0x1800      	BTFSC      INDF, 0
0x0173	0x2976      	GOTO       L__main62
0x0174	0x1207      	BCF        PORTC, 4
0x0175	0x2977      	GOTO       L__main63
L__main62:
0x0176	0x1607      	BSF        PORTC, 4
L__main63:
;code.c,53 :: 		portc.b5=i1[right1];
0x0177	0x084F      	MOVF       _right1, 0
0x0178	0x3E31      	ADDLW      _i1
0x0179	0x0084      	MOVWF      FSR
0x017A	0x1800      	BTFSC      INDF, 0
0x017B	0x297E      	GOTO       L__main64
0x017C	0x1287      	BCF        PORTC, 5
0x017D	0x297F      	GOTO       L__main65
L__main64:
0x017E	0x1687      	BSF        PORTC, 5
L__main65:
;code.c,54 :: 		portc.b6=i2[right1];
0x017F	0x084F      	MOVF       _right1, 0
0x0180	0x3E27      	ADDLW      _i2
0x0181	0x0084      	MOVWF      FSR
0x0182	0x1800      	BTFSC      INDF, 0
0x0183	0x2986      	GOTO       L__main66
0x0184	0x1307      	BCF        PORTC, 6
0x0185	0x2987      	GOTO       L__main67
L__main66:
0x0186	0x1707      	BSF        PORTC, 6
L__main67:
;code.c,55 :: 		portc.b7=i3[right1];
0x0187	0x084F      	MOVF       _right1, 0
0x0188	0x3E3B      	ADDLW      _i3
0x0189	0x0084      	MOVWF      FSR
0x018A	0x1800      	BTFSC      INDF, 0
0x018B	0x298E      	GOTO       L__main68
0x018C	0x1387      	BCF        PORTC, 7
0x018D	0x298F      	GOTO       L__main69
L__main68:
0x018E	0x1787      	BSF        PORTC, 7
L__main69:
;code.c,56 :: 		delay_ms(15);
0x018F	0x3027      	MOVLW      39
0x0190	0x00FC      	MOVWF      R12
0x0191	0x30F5      	MOVLW      245
0x0192	0x00FD      	MOVWF      R13
L_main15:
0x0193	0x0BFD      	DECFSZ     R13, 1
0x0194	0x2993      	GOTO       L_main15
0x0195	0x0BFC      	DECFSZ     R12, 1
0x0196	0x2993      	GOTO       L_main15
;code.c,59 :: 		portd.b0=0;
0x0197	0x1008      	BCF        PORTD, 0
;code.c,60 :: 		portd.b1=1 ;
0x0198	0x1488      	BSF        PORTD, 1
;code.c,62 :: 		portc.b0=i0[left];
0x0199	0x0821      	MOVF       _left, 0
0x019A	0x3E45      	ADDLW      _i0
0x019B	0x0084      	MOVWF      FSR
0x019C	0x1800      	BTFSC      INDF, 0
0x019D	0x29A0      	GOTO       L__main70
0x019E	0x1007      	BCF        PORTC, 0
0x019F	0x29A1      	GOTO       L__main71
L__main70:
0x01A0	0x1407      	BSF        PORTC, 0
L__main71:
;code.c,63 :: 		portc.b1=i1[left];
0x01A1	0x0821      	MOVF       _left, 0
0x01A2	0x3E31      	ADDLW      _i1
0x01A3	0x0084      	MOVWF      FSR
0x01A4	0x1800      	BTFSC      INDF, 0
0x01A5	0x29A8      	GOTO       L__main72
0x01A6	0x1087      	BCF        PORTC, 1
0x01A7	0x29A9      	GOTO       L__main73
L__main72:
0x01A8	0x1487      	BSF        PORTC, 1
L__main73:
;code.c,64 :: 		portc.b2=i2[left];
0x01A9	0x0821      	MOVF       _left, 0
0x01AA	0x3E27      	ADDLW      _i2
0x01AB	0x0084      	MOVWF      FSR
0x01AC	0x1800      	BTFSC      INDF, 0
0x01AD	0x29B0      	GOTO       L__main74
0x01AE	0x1107      	BCF        PORTC, 2
0x01AF	0x29B1      	GOTO       L__main75
L__main74:
0x01B0	0x1507      	BSF        PORTC, 2
L__main75:
;code.c,65 :: 		portc.b3=i3[left];
0x01B1	0x0821      	MOVF       _left, 0
0x01B2	0x3E3B      	ADDLW      _i3
0x01B3	0x0084      	MOVWF      FSR
0x01B4	0x1800      	BTFSC      INDF, 0
0x01B5	0x29B8      	GOTO       L__main76
0x01B6	0x1187      	BCF        PORTC, 3
0x01B7	0x29B9      	GOTO       L__main77
L__main76:
0x01B8	0x1587      	BSF        PORTC, 3
L__main77:
;code.c,66 :: 		portd.b2=0;
0x01B9	0x1108      	BCF        PORTD, 2
;code.c,67 :: 		portd.b3=1 ;
0x01BA	0x1588      	BSF        PORTD, 3
;code.c,69 :: 		portc.b4=i0[left1];
0x01BB	0x0822      	MOVF       _left1, 0
0x01BC	0x3E45      	ADDLW      _i0
0x01BD	0x0084      	MOVWF      FSR
0x01BE	0x1800      	BTFSC      INDF, 0
0x01BF	0x29C2      	GOTO       L__main78
0x01C0	0x1207      	BCF        PORTC, 4
0x01C1	0x29C3      	GOTO       L__main79
L__main78:
0x01C2	0x1607      	BSF        PORTC, 4
L__main79:
;code.c,70 :: 		portc.b5=i1[left1];
0x01C3	0x0822      	MOVF       _left1, 0
0x01C4	0x3E31      	ADDLW      _i1
0x01C5	0x0084      	MOVWF      FSR
0x01C6	0x1800      	BTFSC      INDF, 0
0x01C7	0x29CA      	GOTO       L__main80
0x01C8	0x1287      	BCF        PORTC, 5
0x01C9	0x29CB      	GOTO       L__main81
L__main80:
0x01CA	0x1687      	BSF        PORTC, 5
L__main81:
;code.c,71 :: 		portc.b6=i2[left1];
0x01CB	0x0822      	MOVF       _left1, 0
0x01CC	0x3E27      	ADDLW      _i2
0x01CD	0x0084      	MOVWF      FSR
0x01CE	0x1800      	BTFSC      INDF, 0
0x01CF	0x29D2      	GOTO       L__main82
0x01D0	0x1307      	BCF        PORTC, 6
0x01D1	0x29D3      	GOTO       L__main83
L__main82:
0x01D2	0x1707      	BSF        PORTC, 6
L__main83:
;code.c,72 :: 		portc.b7=i3[left1];
0x01D3	0x0822      	MOVF       _left1, 0
0x01D4	0x3E3B      	ADDLW      _i3
0x01D5	0x0084      	MOVWF      FSR
0x01D6	0x1800      	BTFSC      INDF, 0
0x01D7	0x29DA      	GOTO       L__main84
0x01D8	0x1387      	BCF        PORTC, 7
0x01D9	0x29DB      	GOTO       L__main85
L__main84:
0x01DA	0x1787      	BSF        PORTC, 7
L__main85:
;code.c,74 :: 		delay_ms(15);
0x01DB	0x3027      	MOVLW      39
0x01DC	0x00FC      	MOVWF      R12
0x01DD	0x30F5      	MOVLW      245
0x01DE	0x00FD      	MOVWF      R13
L_main16:
0x01DF	0x0BFD      	DECFSZ     R13, 1
0x01E0	0x29DF      	GOTO       L_main16
0x01E1	0x0BFC      	DECFSZ     R12, 1
0x01E2	0x29DF      	GOTO       L_main16
;code.c,76 :: 		if (porta.B4==0){ goto manual;}       } }
0x01E3	0x1A05      	BTFSC      PORTA, 4
0x01E4	0x29E6      	GOTO       L_main17
0x01E5	0x2B0B      	GOTO       ___main_manual
L_main17:
;code.c,41 :: 		for(i=0;i<50;i++){
0x01E6	0x0AD1      	INCF       _i, 1
;code.c,76 :: 		if (porta.B4==0){ goto manual;}       } }
0x01E7	0x2947      	GOTO       L_main12
L_main13:
;code.c,26 :: 		for(count=0;count<=15;count++){   if (porta.B4==0){ goto manual;}
0x01E8	0x0AA4      	INCF       _count, 1
;code.c,76 :: 		if (porta.B4==0){ goto manual;}       } }
0x01E9	0x28CB      	GOTO       L_main6
L_main7:
;code.c,78 :: 		for(count=0;count<=23;count++){ if (porta.B4==0){ goto manual;}
0x01EA	0x01A4      	CLRF       _count
L_main18:
0x01EB	0x0824      	MOVF       _count, 0
0x01EC	0x3C17      	SUBLW      23
0x01ED	0x1C03      	BTFSS      STATUS, 0
0x01EE	0x2B0A      	GOTO       L_main19
0x01EF	0x1A05      	BTFSC      PORTA, 4
0x01F0	0x29F2      	GOTO       L_main21
0x01F1	0x2B0B      	GOTO       ___main_manual
L_main21:
;code.c,79 :: 		portb.b1=0;
0x01F2	0x1086      	BCF        PORTB, 1
;code.c,80 :: 		portb.b4=1;
0x01F3	0x1606      	BSF        PORTB, 4
;code.c,81 :: 		portb.B5=0;
0x01F4	0x1286      	BCF        PORTB, 5
;code.c,82 :: 		left=(green - count )/10;
0x01F5	0x0824      	MOVF       _count, 0
0x01F6	0x0226      	SUBWF      _green, 0
0x01F7	0x00D5      	MOVWF      FLOC__main
0x01F8	0x01D6      	CLRF       FLOC__main+1
0x01F9	0x1C03      	BTFSS      STATUS, 0
0x01FA	0x03D6      	DECF       FLOC__main+1, 1
0x01FB	0x300A      	MOVLW      10
0x01FC	0x00F4      	MOVWF      R4
0x01FD	0x3000      	MOVLW      0
0x01FE	0x00F5      	MOVWF      R4+1
0x01FF	0x0855      	MOVF       FLOC__main, 0
0x0200	0x00F0      	MOVWF      R0
0x0201	0x0856      	MOVF       FLOC__main+1, 0
0x0202	0x00F1      	MOVWF      R0+1
0x0203	0x2042      	CALL       _Div_16x16_S
0x0204	0x0870      	MOVF       R0, 0
0x0205	0x00A1      	MOVWF      _left
;code.c,83 :: 		right=(green  - count  )%10;
0x0206	0x300A      	MOVLW      10
0x0207	0x00F4      	MOVWF      R4
0x0208	0x3000      	MOVLW      0
0x0209	0x00F5      	MOVWF      R4+1
0x020A	0x0855      	MOVF       FLOC__main, 0
0x020B	0x00F0      	MOVWF      R0
0x020C	0x0856      	MOVF       FLOC__main+1, 0
0x020D	0x00F1      	MOVWF      R0+1
0x020E	0x2042      	CALL       _Div_16x16_S
0x020F	0x0878      	MOVF       R8, 0
0x0210	0x00F0      	MOVWF      R0
0x0211	0x0879      	MOVF       R8+1, 0
0x0212	0x00F1      	MOVWF      R0+1
0x0213	0x0870      	MOVF       R0, 0
0x0214	0x00A3      	MOVWF      _right
;code.c,84 :: 		left1=(red1-count )/10;
0x0215	0x0824      	MOVF       _count, 0
0x0216	0x0225      	SUBWF      _red1, 0
0x0217	0x00D5      	MOVWF      FLOC__main
0x0218	0x01D6      	CLRF       FLOC__main+1
0x0219	0x1C03      	BTFSS      STATUS, 0
0x021A	0x03D6      	DECF       FLOC__main+1, 1
0x021B	0x300A      	MOVLW      10
0x021C	0x00F4      	MOVWF      R4
0x021D	0x3000      	MOVLW      0
0x021E	0x00F5      	MOVWF      R4+1
0x021F	0x0855      	MOVF       FLOC__main, 0
0x0220	0x00F0      	MOVWF      R0
0x0221	0x0856      	MOVF       FLOC__main+1, 0
0x0222	0x00F1      	MOVWF      R0+1
0x0223	0x2042      	CALL       _Div_16x16_S
0x0224	0x0870      	MOVF       R0, 0
0x0225	0x00A2      	MOVWF      _left1
;code.c,85 :: 		right1=(red1 - count )%10;
0x0226	0x300A      	MOVLW      10
0x0227	0x00F4      	MOVWF      R4
0x0228	0x3000      	MOVLW      0
0x0229	0x00F5      	MOVWF      R4+1
0x022A	0x0855      	MOVF       FLOC__main, 0
0x022B	0x00F0      	MOVWF      R0
0x022C	0x0856      	MOVF       FLOC__main+1, 0
0x022D	0x00F1      	MOVWF      R0+1
0x022E	0x2042      	CALL       _Div_16x16_S
0x022F	0x0878      	MOVF       R8, 0
0x0230	0x00F0      	MOVWF      R0
0x0231	0x0879      	MOVF       R8+1, 0
0x0232	0x00F1      	MOVWF      R0+1
0x0233	0x0870      	MOVF       R0, 0
0x0234	0x00CF      	MOVWF      _right1
;code.c,87 :: 		if (count>=20){
0x0235	0x3014      	MOVLW      20
0x0236	0x0224      	SUBWF      _count, 0
0x0237	0x1C03      	BTFSS      STATUS, 0
0x0238	0x2A64      	GOTO       L_main22
;code.c,88 :: 		left=(yellow+20-count)/10;
0x0239	0x3014      	MOVLW      20
0x023A	0x0752      	ADDWF      _yellow, 0
0x023B	0x00F0      	MOVWF      R0
0x023C	0x01F1      	CLRF       R0+1
0x023D	0x1803      	BTFSC      STATUS, 0
0x023E	0x0AF1      	INCF       R0+1, 1
0x023F	0x0824      	MOVF       _count, 0
0x0240	0x0270      	SUBWF      R0, 0
0x0241	0x00D5      	MOVWF      FLOC__main
0x0242	0x3000      	MOVLW      0
0x0243	0x1C03      	BTFSS      STATUS, 0
0x0244	0x3E01      	ADDLW      1
0x0245	0x0271      	SUBWF      R0+1, 0
0x0246	0x00D6      	MOVWF      FLOC__main+1
0x0247	0x300A      	MOVLW      10
0x0248	0x00F4      	MOVWF      R4
0x0249	0x3000      	MOVLW      0
0x024A	0x00F5      	MOVWF      R4+1
0x024B	0x0855      	MOVF       FLOC__main, 0
0x024C	0x00F0      	MOVWF      R0
0x024D	0x0856      	MOVF       FLOC__main+1, 0
0x024E	0x00F1      	MOVWF      R0+1
0x024F	0x2042      	CALL       _Div_16x16_S
0x0250	0x0870      	MOVF       R0, 0
0x0251	0x00A1      	MOVWF      _left
;code.c,89 :: 		right=(yellow+20-count )%10;
0x0252	0x300A      	MOVLW      10
0x0253	0x00F4      	MOVWF      R4
0x0254	0x3000      	MOVLW      0
0x0255	0x00F5      	MOVWF      R4+1
0x0256	0x0855      	MOVF       FLOC__main, 0
0x0257	0x00F0      	MOVWF      R0
0x0258	0x0856      	MOVF       FLOC__main+1, 0
0x0259	0x00F1      	MOVWF      R0+1
0x025A	0x2042      	CALL       _Div_16x16_S
0x025B	0x0878      	MOVF       R8, 0
0x025C	0x00F0      	MOVWF      R0
0x025D	0x0879      	MOVF       R8+1, 0
0x025E	0x00F1      	MOVWF      R0+1
0x025F	0x0870      	MOVF       R0, 0
0x0260	0x00A3      	MOVWF      _right
;code.c,90 :: 		portb.b2=1 ;
0x0261	0x1506      	BSF        PORTB, 2
;code.c,91 :: 		portb.b3=0;
0x0262	0x1186      	BCF        PORTB, 3
;code.c,93 :: 		} else{    portb.b2=0;
0x0263	0x2A66      	GOTO       L_main23
L_main22:
0x0264	0x1106      	BCF        PORTB, 2
;code.c,94 :: 		portb.b3=1;
0x0265	0x1586      	BSF        PORTB, 3
;code.c,95 :: 		}
L_main23:
;code.c,96 :: 		for(i=0;i<50;i++){
0x0266	0x01D1      	CLRF       _i
L_main24:
0x0267	0x3032      	MOVLW      50
0x0268	0x0251      	SUBWF      _i, 0
0x0269	0x1803      	BTFSC      STATUS, 0
0x026A	0x2B05      	GOTO       L_main25
;code.c,99 :: 		portd.b0=1;
0x026B	0x1408      	BSF        PORTD, 0
;code.c,100 :: 		portd.B1=0 ;
0x026C	0x1088      	BCF        PORTD, 1
;code.c,101 :: 		portc.b0=i0[right];
0x026D	0x0823      	MOVF       _right, 0
0x026E	0x3E45      	ADDLW      _i0
0x026F	0x0084      	MOVWF      FSR
0x0270	0x1800      	BTFSC      INDF, 0
0x0271	0x2A74      	GOTO       L__main86
0x0272	0x1007      	BCF        PORTC, 0
0x0273	0x2A75      	GOTO       L__main87
L__main86:
0x0274	0x1407      	BSF        PORTC, 0
L__main87:
;code.c,102 :: 		portc.b1=i1[right];
0x0275	0x0823      	MOVF       _right, 0
0x0276	0x3E31      	ADDLW      _i1
0x0277	0x0084      	MOVWF      FSR
0x0278	0x1800      	BTFSC      INDF, 0
0x0279	0x2A7C      	GOTO       L__main88
0x027A	0x1087      	BCF        PORTC, 1
0x027B	0x2A7D      	GOTO       L__main89
L__main88:
0x027C	0x1487      	BSF        PORTC, 1
L__main89:
;code.c,103 :: 		portc.b2=i2[right];
0x027D	0x0823      	MOVF       _right, 0
0x027E	0x3E27      	ADDLW      _i2
0x027F	0x0084      	MOVWF      FSR
0x0280	0x1800      	BTFSC      INDF, 0
0x0281	0x2A84      	GOTO       L__main90
0x0282	0x1107      	BCF        PORTC, 2
0x0283	0x2A85      	GOTO       L__main91
L__main90:
0x0284	0x1507      	BSF        PORTC, 2
L__main91:
;code.c,104 :: 		portc.b3=i3[right];          portd.b2=1;
0x0285	0x0823      	MOVF       _right, 0
0x0286	0x3E3B      	ADDLW      _i3
0x0287	0x0084      	MOVWF      FSR
0x0288	0x1800      	BTFSC      INDF, 0
0x0289	0x2A8C      	GOTO       L__main92
0x028A	0x1187      	BCF        PORTC, 3
0x028B	0x2A8D      	GOTO       L__main93
L__main92:
0x028C	0x1587      	BSF        PORTC, 3
L__main93:
0x028D	0x1508      	BSF        PORTD, 2
;code.c,105 :: 		portd.B3=0 ;
0x028E	0x1188      	BCF        PORTD, 3
;code.c,107 :: 		portc.b4=i0[right1];
0x028F	0x084F      	MOVF       _right1, 0
0x0290	0x3E45      	ADDLW      _i0
0x0291	0x0084      	MOVWF      FSR
0x0292	0x1800      	BTFSC      INDF, 0
0x0293	0x2A96      	GOTO       L__main94
0x0294	0x1207      	BCF        PORTC, 4
0x0295	0x2A97      	GOTO       L__main95
L__main94:
0x0296	0x1607      	BSF        PORTC, 4
L__main95:
;code.c,108 :: 		portc.b5=i1[right1];
0x0297	0x084F      	MOVF       _right1, 0
0x0298	0x3E31      	ADDLW      _i1
0x0299	0x0084      	MOVWF      FSR
0x029A	0x1800      	BTFSC      INDF, 0
0x029B	0x2A9E      	GOTO       L__main96
0x029C	0x1287      	BCF        PORTC, 5
0x029D	0x2A9F      	GOTO       L__main97
L__main96:
0x029E	0x1687      	BSF        PORTC, 5
L__main97:
;code.c,109 :: 		portc.b6=i2[right1];
0x029F	0x084F      	MOVF       _right1, 0
0x02A0	0x3E27      	ADDLW      _i2
0x02A1	0x0084      	MOVWF      FSR
0x02A2	0x1800      	BTFSC      INDF, 0
0x02A3	0x2AA6      	GOTO       L__main98
0x02A4	0x1307      	BCF        PORTC, 6
0x02A5	0x2AA7      	GOTO       L__main99
L__main98:
0x02A6	0x1707      	BSF        PORTC, 6
L__main99:
;code.c,110 :: 		portc.b7=i3[right1];
0x02A7	0x084F      	MOVF       _right1, 0
0x02A8	0x3E3B      	ADDLW      _i3
0x02A9	0x0084      	MOVWF      FSR
0x02AA	0x1800      	BTFSC      INDF, 0
0x02AB	0x2AAE      	GOTO       L__main100
0x02AC	0x1387      	BCF        PORTC, 7
0x02AD	0x2AAF      	GOTO       L__main101
L__main100:
0x02AE	0x1787      	BSF        PORTC, 7
L__main101:
;code.c,111 :: 		delay_ms(15);
0x02AF	0x3027      	MOVLW      39
0x02B0	0x00FC      	MOVWF      R12
0x02B1	0x30F5      	MOVLW      245
0x02B2	0x00FD      	MOVWF      R13
L_main27:
0x02B3	0x0BFD      	DECFSZ     R13, 1
0x02B4	0x2AB3      	GOTO       L_main27
0x02B5	0x0BFC      	DECFSZ     R12, 1
0x02B6	0x2AB3      	GOTO       L_main27
;code.c,114 :: 		portd.b0=0;
0x02B7	0x1008      	BCF        PORTD, 0
;code.c,115 :: 		portd.b1=1 ;
0x02B8	0x1488      	BSF        PORTD, 1
;code.c,117 :: 		portc.b0=i0[left];
0x02B9	0x0821      	MOVF       _left, 0
0x02BA	0x3E45      	ADDLW      _i0
0x02BB	0x0084      	MOVWF      FSR
0x02BC	0x1800      	BTFSC      INDF, 0
0x02BD	0x2AC0      	GOTO       L__main102
0x02BE	0x1007      	BCF        PORTC, 0
0x02BF	0x2AC1      	GOTO       L__main103
L__main102:
0x02C0	0x1407      	BSF        PORTC, 0
L__main103:
;code.c,118 :: 		portc.b1=i1[left];
0x02C1	0x0821      	MOVF       _left, 0
0x02C2	0x3E31      	ADDLW      _i1
0x02C3	0x0084      	MOVWF      FSR
0x02C4	0x1800      	BTFSC      INDF, 0
0x02C5	0x2AC8      	GOTO       L__main104
0x02C6	0x1087      	BCF        PORTC, 1
0x02C7	0x2AC9      	GOTO       L__main105
L__main104:
0x02C8	0x1487      	BSF        PORTC, 1
L__main105:
;code.c,119 :: 		portc.b2=i2[left];
0x02C9	0x0821      	MOVF       _left, 0
0x02CA	0x3E27      	ADDLW      _i2
0x02CB	0x0084      	MOVWF      FSR
0x02CC	0x1800      	BTFSC      INDF, 0
0x02CD	0x2AD0      	GOTO       L__main106
0x02CE	0x1107      	BCF        PORTC, 2
0x02CF	0x2AD1      	GOTO       L__main107
L__main106:
0x02D0	0x1507      	BSF        PORTC, 2
L__main107:
;code.c,120 :: 		portc.b3=i3[left];
0x02D1	0x0821      	MOVF       _left, 0
0x02D2	0x3E3B      	ADDLW      _i3
0x02D3	0x0084      	MOVWF      FSR
0x02D4	0x1800      	BTFSC      INDF, 0
0x02D5	0x2AD8      	GOTO       L__main108
0x02D6	0x1187      	BCF        PORTC, 3
0x02D7	0x2AD9      	GOTO       L__main109
L__main108:
0x02D8	0x1587      	BSF        PORTC, 3
L__main109:
;code.c,121 :: 		portd.b2=0;
0x02D9	0x1108      	BCF        PORTD, 2
;code.c,122 :: 		portd.b3=1 ;
0x02DA	0x1588      	BSF        PORTD, 3
;code.c,124 :: 		portc.b4=i0[left1];
0x02DB	0x0822      	MOVF       _left1, 0
0x02DC	0x3E45      	ADDLW      _i0
0x02DD	0x0084      	MOVWF      FSR
0x02DE	0x1800      	BTFSC      INDF, 0
0x02DF	0x2AE2      	GOTO       L__main110
0x02E0	0x1207      	BCF        PORTC, 4
0x02E1	0x2AE3      	GOTO       L__main111
L__main110:
0x02E2	0x1607      	BSF        PORTC, 4
L__main111:
;code.c,125 :: 		portc.b5=i1[left1];
0x02E3	0x0822      	MOVF       _left1, 0
0x02E4	0x3E31      	ADDLW      _i1
0x02E5	0x0084      	MOVWF      FSR
0x02E6	0x1800      	BTFSC      INDF, 0
0x02E7	0x2AEA      	GOTO       L__main112
0x02E8	0x1287      	BCF        PORTC, 5
0x02E9	0x2AEB      	GOTO       L__main113
L__main112:
0x02EA	0x1687      	BSF        PORTC, 5
L__main113:
;code.c,126 :: 		portc.b6=i2[left1];
0x02EB	0x0822      	MOVF       _left1, 0
0x02EC	0x3E27      	ADDLW      _i2
0x02ED	0x0084      	MOVWF      FSR
0x02EE	0x1800      	BTFSC      INDF, 0
0x02EF	0x2AF2      	GOTO       L__main114
0x02F0	0x1307      	BCF        PORTC, 6
0x02F1	0x2AF3      	GOTO       L__main115
L__main114:
0x02F2	0x1707      	BSF        PORTC, 6
L__main115:
;code.c,127 :: 		portc.b7=i3[left1];
0x02F3	0x0822      	MOVF       _left1, 0
0x02F4	0x3E3B      	ADDLW      _i3
0x02F5	0x0084      	MOVWF      FSR
0x02F6	0x1800      	BTFSC      INDF, 0
0x02F7	0x2AFA      	GOTO       L__main116
0x02F8	0x1387      	BCF        PORTC, 7
0x02F9	0x2AFB      	GOTO       L__main117
L__main116:
0x02FA	0x1787      	BSF        PORTC, 7
L__main117:
;code.c,129 :: 		delay_ms(15);
0x02FB	0x3027      	MOVLW      39
0x02FC	0x00FC      	MOVWF      R12
0x02FD	0x30F5      	MOVLW      245
0x02FE	0x00FD      	MOVWF      R13
L_main28:
0x02FF	0x0BFD      	DECFSZ     R13, 1
0x0300	0x2AFF      	GOTO       L_main28
0x0301	0x0BFC      	DECFSZ     R12, 1
0x0302	0x2AFF      	GOTO       L_main28
;code.c,96 :: 		for(i=0;i<50;i++){
0x0303	0x0AD1      	INCF       _i, 1
;code.c,131 :: 		}
0x0304	0x2A67      	GOTO       L_main24
L_main25:
;code.c,132 :: 		if (porta.B4==0){ goto manual;}          }
0x0305	0x1A05      	BTFSC      PORTA, 4
0x0306	0x2B08      	GOTO       L_main29
0x0307	0x2B0B      	GOTO       ___main_manual
L_main29:
;code.c,78 :: 		for(count=0;count<=23;count++){ if (porta.B4==0){ goto manual;}
0x0308	0x0AA4      	INCF       _count, 1
;code.c,132 :: 		if (porta.B4==0){ goto manual;}          }
0x0309	0x29EB      	GOTO       L_main18
L_main19:
;code.c,134 :: 		}
0x030A	0x28C4      	GOTO       L_main3
L_main4:
;code.c,135 :: 		manual:
___main_manual:
;code.c,136 :: 		if (porta.B4==1){ goto autom;}
0x030B	0x1E05      	BTFSS      PORTA, 4
0x030C	0x2B0E      	GOTO       L_main30
0x030D	0x28C6      	GOTO       ___main_autom
L_main30:
;code.c,137 :: 		portd=0;
0x030E	0x0188      	CLRF       PORTD
;code.c,138 :: 		while(porta.B2==1);
L_main31:
0x030F	0x1D05      	BTFSS      PORTA, 2
0x0310	0x2B12      	GOTO       L_main32
0x0311	0x2B0F      	GOTO       L_main31
L_main32:
;code.c,139 :: 		portb.B1=0;    portb.b6=0   ;
0x0312	0x1086      	BCF        PORTB, 1
0x0313	0x1306      	BCF        PORTB, 6
;code.c,140 :: 		portb.b3=1;
0x0314	0x1586      	BSF        PORTB, 3
;code.c,141 :: 		for (count=3;count>0;count--){
0x0315	0x3003      	MOVLW      3
0x0316	0x00A4      	MOVWF      _count
L_main33:
0x0317	0x0824      	MOVF       _count, 0
0x0318	0x3C00      	SUBLW      0
0x0319	0x1803      	BTFSC      STATUS, 0
0x031A	0x2B7E      	GOTO       L_main34
;code.c,142 :: 		portd.B2=1;
0x031B	0x1508      	BSF        PORTD, 2
;code.c,143 :: 		portd.b3=1;
0x031C	0x1588      	BSF        PORTD, 3
;code.c,144 :: 		portb.B5=1;
0x031D	0x1686      	BSF        PORTB, 5
;code.c,146 :: 		left1=0;
0x031E	0x01A2      	CLRF       _left1
;code.c,147 :: 		right1=count;
0x031F	0x0824      	MOVF       _count, 0
0x0320	0x00CF      	MOVWF      _right1
;code.c,148 :: 		for(i=0;i<50;i++){  portd.B2=1;
0x0321	0x01D1      	CLRF       _i
L_main36:
0x0322	0x3032      	MOVLW      50
0x0323	0x0251      	SUBWF      _i, 0
0x0324	0x1803      	BTFSC      STATUS, 0
0x0325	0x2B7C      	GOTO       L_main37
0x0326	0x1508      	BSF        PORTD, 2
;code.c,149 :: 		portd.B3=0;
0x0327	0x1188      	BCF        PORTD, 3
;code.c,150 :: 		portc.b4=i0[right1];
0x0328	0x084F      	MOVF       _right1, 0
0x0329	0x3E45      	ADDLW      _i0
0x032A	0x0084      	MOVWF      FSR
0x032B	0x1800      	BTFSC      INDF, 0
0x032C	0x2B2F      	GOTO       L__main118
0x032D	0x1207      	BCF        PORTC, 4
0x032E	0x2B30      	GOTO       L__main119
L__main118:
0x032F	0x1607      	BSF        PORTC, 4
L__main119:
;code.c,151 :: 		portc.b5=i1[right1];
0x0330	0x084F      	MOVF       _right1, 0
0x0331	0x3E31      	ADDLW      _i1
0x0332	0x0084      	MOVWF      FSR
0x0333	0x1800      	BTFSC      INDF, 0
0x0334	0x2B37      	GOTO       L__main120
0x0335	0x1287      	BCF        PORTC, 5
0x0336	0x2B38      	GOTO       L__main121
L__main120:
0x0337	0x1687      	BSF        PORTC, 5
L__main121:
;code.c,152 :: 		portc.b6=i2[right1];
0x0338	0x084F      	MOVF       _right1, 0
0x0339	0x3E27      	ADDLW      _i2
0x033A	0x0084      	MOVWF      FSR
0x033B	0x1800      	BTFSC      INDF, 0
0x033C	0x2B3F      	GOTO       L__main122
0x033D	0x1307      	BCF        PORTC, 6
0x033E	0x2B40      	GOTO       L__main123
L__main122:
0x033F	0x1707      	BSF        PORTC, 6
L__main123:
;code.c,153 :: 		portc.b7=i3[right1];
0x0340	0x084F      	MOVF       _right1, 0
0x0341	0x3E3B      	ADDLW      _i3
0x0342	0x0084      	MOVWF      FSR
0x0343	0x1800      	BTFSC      INDF, 0
0x0344	0x2B47      	GOTO       L__main124
0x0345	0x1387      	BCF        PORTC, 7
0x0346	0x2B48      	GOTO       L__main125
L__main124:
0x0347	0x1787      	BSF        PORTC, 7
L__main125:
;code.c,154 :: 		delay_ms(15);          portd.B2=0;
0x0348	0x3027      	MOVLW      39
0x0349	0x00FC      	MOVWF      R12
0x034A	0x30F5      	MOVLW      245
0x034B	0x00FD      	MOVWF      R13
L_main39:
0x034C	0x0BFD      	DECFSZ     R13, 1
0x034D	0x2B4C      	GOTO       L_main39
0x034E	0x0BFC      	DECFSZ     R12, 1
0x034F	0x2B4C      	GOTO       L_main39
0x0350	0x1108      	BCF        PORTD, 2
;code.c,155 :: 		portd.B3=1;
0x0351	0x1588      	BSF        PORTD, 3
;code.c,156 :: 		portc.b4=i0[left1];
0x0352	0x0822      	MOVF       _left1, 0
0x0353	0x3E45      	ADDLW      _i0
0x0354	0x0084      	MOVWF      FSR
0x0355	0x1800      	BTFSC      INDF, 0
0x0356	0x2B59      	GOTO       L__main126
0x0357	0x1207      	BCF        PORTC, 4
0x0358	0x2B5A      	GOTO       L__main127
L__main126:
0x0359	0x1607      	BSF        PORTC, 4
L__main127:
;code.c,157 :: 		portc.b5=i1[left1];
0x035A	0x0822      	MOVF       _left1, 0
0x035B	0x3E31      	ADDLW      _i1
0x035C	0x0084      	MOVWF      FSR
0x035D	0x1800      	BTFSC      INDF, 0
0x035E	0x2B61      	GOTO       L__main128
0x035F	0x1287      	BCF        PORTC, 5
0x0360	0x2B62      	GOTO       L__main129
L__main128:
0x0361	0x1687      	BSF        PORTC, 5
L__main129:
;code.c,158 :: 		portc.b6=i2[left1];
0x0362	0x0822      	MOVF       _left1, 0
0x0363	0x3E27      	ADDLW      _i2
0x0364	0x0084      	MOVWF      FSR
0x0365	0x1800      	BTFSC      INDF, 0
0x0366	0x2B69      	GOTO       L__main130
0x0367	0x1307      	BCF        PORTC, 6
0x0368	0x2B6A      	GOTO       L__main131
L__main130:
0x0369	0x1707      	BSF        PORTC, 6
L__main131:
;code.c,159 :: 		portc.b7=i3[left1];
0x036A	0x0822      	MOVF       _left1, 0
0x036B	0x3E3B      	ADDLW      _i3
0x036C	0x0084      	MOVWF      FSR
0x036D	0x1800      	BTFSC      INDF, 0
0x036E	0x2B71      	GOTO       L__main132
0x036F	0x1387      	BCF        PORTC, 7
0x0370	0x2B72      	GOTO       L__main133
L__main132:
0x0371	0x1787      	BSF        PORTC, 7
L__main133:
;code.c,161 :: 		delay_ms(15);}  } portd.B2=0;             if (porta.B4==1){  goto autom;}
0x0372	0x3027      	MOVLW      39
0x0373	0x00FC      	MOVWF      R12
0x0374	0x30F5      	MOVLW      245
0x0375	0x00FD      	MOVWF      R13
L_main40:
0x0376	0x0BFD      	DECFSZ     R13, 1
0x0377	0x2B76      	GOTO       L_main40
0x0378	0x0BFC      	DECFSZ     R12, 1
0x0379	0x2B76      	GOTO       L_main40
;code.c,148 :: 		for(i=0;i<50;i++){  portd.B2=1;
0x037A	0x0AD1      	INCF       _i, 1
;code.c,161 :: 		delay_ms(15);}  } portd.B2=0;             if (porta.B4==1){  goto autom;}
0x037B	0x2B22      	GOTO       L_main36
L_main37:
;code.c,141 :: 		for (count=3;count>0;count--){
0x037C	0x03A4      	DECF       _count, 1
;code.c,161 :: 		delay_ms(15);}  } portd.B2=0;             if (porta.B4==1){  goto autom;}
0x037D	0x2B17      	GOTO       L_main33
L_main34:
0x037E	0x1108      	BCF        PORTD, 2
0x037F	0x1E05      	BTFSS      PORTA, 4
0x0380	0x2B82      	GOTO       L_main41
0x0381	0x28C6      	GOTO       ___main_autom
L_main41:
;code.c,162 :: 		portd.B3=0;
0x0382	0x1188      	BCF        PORTD, 3
;code.c,163 :: 		portb.B5=0;
0x0383	0x1286      	BCF        PORTB, 5
;code.c,164 :: 		portb.b4=1;
0x0384	0x1606      	BSF        PORTB, 4
;code.c,165 :: 		while(porta.B2=1) ;
L_main42:
0x0385	0x1505      	BSF        PORTA, 2
0x0386	0x1D05      	BTFSS      PORTA, 2
0x0387	0x2B89      	GOTO       L_main43
0x0388	0x2B85      	GOTO       L_main42
L_main43:
;code.c,166 :: 		if (porta.B4==1){ goto autom; }
0x0389	0x1E05      	BTFSS      PORTA, 4
0x038A	0x2B8C      	GOTO       L_main44
0x038B	0x28C6      	GOTO       ___main_autom
L_main44:
;code.c,167 :: 		portb.b4=0;
0x038C	0x1206      	BCF        PORTB, 4
;code.c,168 :: 		portb.B3=0;
0x038D	0x1186      	BCF        PORTB, 3
;code.c,169 :: 		portb.B6=1;
0x038E	0x1706      	BSF        PORTB, 6
;code.c,175 :: 		for (count=3;count>0;count--){
0x038F	0x3003      	MOVLW      3
0x0390	0x00A4      	MOVWF      _count
L_main45:
0x0391	0x0824      	MOVF       _count, 0
0x0392	0x3C00      	SUBLW      0
0x0393	0x1803      	BTFSC      STATUS, 0
0x0394	0x2BF8      	GOTO       L_main46
;code.c,176 :: 		portd.B0=1;
0x0395	0x1408      	BSF        PORTD, 0
;code.c,177 :: 		portd.b1=1;
0x0396	0x1488      	BSF        PORTD, 1
;code.c,178 :: 		portb.B2=1;
0x0397	0x1506      	BSF        PORTB, 2
;code.c,180 :: 		left=0;
0x0398	0x01A1      	CLRF       _left
;code.c,181 :: 		right=count;
0x0399	0x0824      	MOVF       _count, 0
0x039A	0x00A3      	MOVWF      _right
;code.c,182 :: 		for(i=0;i<50;i++){  portd.B0=1;
0x039B	0x01D1      	CLRF       _i
L_main48:
0x039C	0x3032      	MOVLW      50
0x039D	0x0251      	SUBWF      _i, 0
0x039E	0x1803      	BTFSC      STATUS, 0
0x039F	0x2BF6      	GOTO       L_main49
0x03A0	0x1408      	BSF        PORTD, 0
;code.c,183 :: 		portd.B1=0;
0x03A1	0x1088      	BCF        PORTD, 1
;code.c,184 :: 		portc.b0=i0[right];
0x03A2	0x0823      	MOVF       _right, 0
0x03A3	0x3E45      	ADDLW      _i0
0x03A4	0x0084      	MOVWF      FSR
0x03A5	0x1800      	BTFSC      INDF, 0
0x03A6	0x2BA9      	GOTO       L__main134
0x03A7	0x1007      	BCF        PORTC, 0
0x03A8	0x2BAA      	GOTO       L__main135
L__main134:
0x03A9	0x1407      	BSF        PORTC, 0
L__main135:
;code.c,185 :: 		portc.b1=i1[right];
0x03AA	0x0823      	MOVF       _right, 0
0x03AB	0x3E31      	ADDLW      _i1
0x03AC	0x0084      	MOVWF      FSR
0x03AD	0x1800      	BTFSC      INDF, 0
0x03AE	0x2BB1      	GOTO       L__main136
0x03AF	0x1087      	BCF        PORTC, 1
0x03B0	0x2BB2      	GOTO       L__main137
L__main136:
0x03B1	0x1487      	BSF        PORTC, 1
L__main137:
;code.c,186 :: 		portc.b2=i2[right];
0x03B2	0x0823      	MOVF       _right, 0
0x03B3	0x3E27      	ADDLW      _i2
0x03B4	0x0084      	MOVWF      FSR
0x03B5	0x1800      	BTFSC      INDF, 0
0x03B6	0x2BB9      	GOTO       L__main138
0x03B7	0x1107      	BCF        PORTC, 2
0x03B8	0x2BBA      	GOTO       L__main139
L__main138:
0x03B9	0x1507      	BSF        PORTC, 2
L__main139:
;code.c,187 :: 		portc.b3=i3[right];
0x03BA	0x0823      	MOVF       _right, 0
0x03BB	0x3E3B      	ADDLW      _i3
0x03BC	0x0084      	MOVWF      FSR
0x03BD	0x1800      	BTFSC      INDF, 0
0x03BE	0x2BC1      	GOTO       L__main140
0x03BF	0x1187      	BCF        PORTC, 3
0x03C0	0x2BC2      	GOTO       L__main141
L__main140:
0x03C1	0x1587      	BSF        PORTC, 3
L__main141:
;code.c,188 :: 		delay_ms(15);          portd.B0=0;
0x03C2	0x3027      	MOVLW      39
0x03C3	0x00FC      	MOVWF      R12
0x03C4	0x30F5      	MOVLW      245
0x03C5	0x00FD      	MOVWF      R13
L_main51:
0x03C6	0x0BFD      	DECFSZ     R13, 1
0x03C7	0x2BC6      	GOTO       L_main51
0x03C8	0x0BFC      	DECFSZ     R12, 1
0x03C9	0x2BC6      	GOTO       L_main51
0x03CA	0x1008      	BCF        PORTD, 0
;code.c,189 :: 		portd.B1=1;
0x03CB	0x1488      	BSF        PORTD, 1
;code.c,190 :: 		portc.b0=i0[left];
0x03CC	0x0821      	MOVF       _left, 0
0x03CD	0x3E45      	ADDLW      _i0
0x03CE	0x0084      	MOVWF      FSR
0x03CF	0x1800      	BTFSC      INDF, 0
0x03D0	0x2BD3      	GOTO       L__main142
0x03D1	0x1007      	BCF        PORTC, 0
0x03D2	0x2BD4      	GOTO       L__main143
L__main142:
0x03D3	0x1407      	BSF        PORTC, 0
L__main143:
;code.c,191 :: 		portc.b1=i1[left];
0x03D4	0x0821      	MOVF       _left, 0
0x03D5	0x3E31      	ADDLW      _i1
0x03D6	0x0084      	MOVWF      FSR
0x03D7	0x1800      	BTFSC      INDF, 0
0x03D8	0x2BDB      	GOTO       L__main144
0x03D9	0x1087      	BCF        PORTC, 1
0x03DA	0x2BDC      	GOTO       L__main145
L__main144:
0x03DB	0x1487      	BSF        PORTC, 1
L__main145:
;code.c,192 :: 		portc.b2=i2[left];
0x03DC	0x0821      	MOVF       _left, 0
0x03DD	0x3E27      	ADDLW      _i2
0x03DE	0x0084      	MOVWF      FSR
0x03DF	0x1800      	BTFSC      INDF, 0
0x03E0	0x2BE3      	GOTO       L__main146
0x03E1	0x1107      	BCF        PORTC, 2
0x03E2	0x2BE4      	GOTO       L__main147
L__main146:
0x03E3	0x1507      	BSF        PORTC, 2
L__main147:
;code.c,193 :: 		portc.b3=i3[left];
0x03E4	0x0821      	MOVF       _left, 0
0x03E5	0x3E3B      	ADDLW      _i3
0x03E6	0x0084      	MOVWF      FSR
0x03E7	0x1800      	BTFSC      INDF, 0
0x03E8	0x2BEB      	GOTO       L__main148
0x03E9	0x1187      	BCF        PORTC, 3
0x03EA	0x2BEC      	GOTO       L__main149
L__main148:
0x03EB	0x1587      	BSF        PORTC, 3
L__main149:
;code.c,195 :: 		delay_ms(15);}    }
0x03EC	0x3027      	MOVLW      39
0x03ED	0x00FC      	MOVWF      R12
0x03EE	0x30F5      	MOVLW      245
0x03EF	0x00FD      	MOVWF      R13
L_main52:
0x03F0	0x0BFD      	DECFSZ     R13, 1
0x03F1	0x2BF0      	GOTO       L_main52
0x03F2	0x0BFC      	DECFSZ     R12, 1
0x03F3	0x2BF0      	GOTO       L_main52
;code.c,182 :: 		for(i=0;i<50;i++){  portd.B0=1;
0x03F4	0x0AD1      	INCF       _i, 1
;code.c,195 :: 		delay_ms(15);}    }
0x03F5	0x2B9C      	GOTO       L_main48
L_main49:
;code.c,175 :: 		for (count=3;count>0;count--){
0x03F6	0x03A4      	DECF       _count, 1
;code.c,195 :: 		delay_ms(15);}    }
0x03F7	0x2B91      	GOTO       L_main45
L_main46:
;code.c,196 :: 		portb.B2=0;
0x03F8	0x1106      	BCF        PORTB, 2
;code.c,197 :: 		portb.b1=1;
0x03F9	0x1486      	BSF        PORTB, 1
;code.c,199 :: 		}     }
0x03FA	0x28C4      	GOTO       L_main0
L_end_main:
0x03FB	0x2BFB      	GOTO       $+0
; end of _main
0x0434	0x3020      	MOVLW      32
0x0435	0x0084      	MOVWF      FSR
0x0436	0x3033      	MOVLW      51
0x0437	0x1283      	BCF        STATUS, 5
0x0438	0x1303      	BCF        STATUS, 6
0x0439	0x00F0      	MOVWF      R0
0x043A	0x3001      	MOVLW      1
0x043B	0x00D3      	MOVWF      ___DoICPAddr
0x043C	0x3004      	MOVLW      4
0x043D	0x00D4      	MOVWF      84
0x043E	0x2036      	CALL       54
0x043F	0x0008      	RETURN
;code.c,0 :: ?ICS_red
0x0401	0x340F ;?ICS_red+0
; end of ?ICS_red
;code.c,0 :: ?ICS_left
0x0402	0x3400 ;?ICS_left+0
; end of ?ICS_left
;code.c,0 :: ?ICS_left1
0x0403	0x3400 ;?ICS_left1+0
; end of ?ICS_left1
;code.c,0 :: ?ICS_right
0x0404	0x3400 ;?ICS_right+0
; end of ?ICS_right
;code.c,0 :: ?ICS_count
0x0405	0x3400 ;?ICS_count+0
; end of ?ICS_count
;code.c,0 :: ?ICS_red1
0x0406	0x3417 ;?ICS_red1+0
; end of ?ICS_red1
;code.c,0 :: ?ICS_green
0x0407	0x3414 ;?ICS_green+0
; end of ?ICS_green
;code.c,0 :: ?ICS_i2
0x0408	0x3400 ;?ICS_i2+0
0x0409	0x3400 ;?ICS_i2+1
0x040A	0x3400 ;?ICS_i2+2
0x040B	0x3400 ;?ICS_i2+3
0x040C	0x3401 ;?ICS_i2+4
0x040D	0x3401 ;?ICS_i2+5
0x040E	0x3401 ;?ICS_i2+6
0x040F	0x3401 ;?ICS_i2+7
0x0410	0x3400 ;?ICS_i2+8
0x0411	0x3400 ;?ICS_i2+9
; end of ?ICS_i2
;code.c,0 :: ?ICS_i1
0x0412	0x3400 ;?ICS_i1+0
0x0413	0x3400 ;?ICS_i1+1
0x0414	0x3401 ;?ICS_i1+2
0x0415	0x3401 ;?ICS_i1+3
0x0416	0x3400 ;?ICS_i1+4
0x0417	0x3400 ;?ICS_i1+5
0x0418	0x3401 ;?ICS_i1+6
0x0419	0x3401 ;?ICS_i1+7
0x041A	0x3400 ;?ICS_i1+8
0x041B	0x3400 ;?ICS_i1+9
; end of ?ICS_i1
;code.c,0 :: ?ICS_i3
0x041C	0x3400 ;?ICS_i3+0
0x041D	0x3400 ;?ICS_i3+1
0x041E	0x3400 ;?ICS_i3+2
0x041F	0x3400 ;?ICS_i3+3
0x0420	0x3400 ;?ICS_i3+4
0x0421	0x3400 ;?ICS_i3+5
0x0422	0x3400 ;?ICS_i3+6
0x0423	0x3400 ;?ICS_i3+7
0x0424	0x3401 ;?ICS_i3+8
0x0425	0x3401 ;?ICS_i3+9
; end of ?ICS_i3
;code.c,0 :: ?ICS_i0
0x0426	0x3400 ;?ICS_i0+0
0x0427	0x3401 ;?ICS_i0+1
0x0428	0x3400 ;?ICS_i0+2
0x0429	0x3401 ;?ICS_i0+3
0x042A	0x3400 ;?ICS_i0+4
0x042B	0x3401 ;?ICS_i0+5
0x042C	0x3400 ;?ICS_i0+6
0x042D	0x3401 ;?ICS_i0+7
0x042E	0x3400 ;?ICS_i0+8
0x042F	0x3401 ;?ICS_i0+9
; end of ?ICS_i0
;code.c,0 :: ?ICS_right1
0x0430	0x3400 ;?ICS_right1+0
; end of ?ICS_right1
;code.c,0 :: ?ICS_green1
0x0431	0x340C ;?ICS_green1+0
; end of ?ICS_green1
;code.c,0 :: ?ICS_i
0x0432	0x3432 ;?ICS_i+0
; end of ?ICS_i
;code.c,0 :: ?ICS_yellow
0x0433	0x3403 ;?ICS_yellow+0
; end of ?ICS_yellow
Symbol List:
//** Routines locations **
//ADDRESS    SIZE    PROCEDURE
//----------------------------------------------
0x0003      [44]    _Div_16x16_S_L
0x002F       [7]    _____DoICP
0x0036      [12]    ___CC2DW
0x0042     [105]    _Div_16x16_S
0x00AB     [848]    _main
//** Variables locations ** 
//ADDRESS    SIZE    VARIABLE
//----------------------------------------------
0x0000       [1]    INDF
0x0002       [1]    PCL
0x0003       [1]    STATUS
0x0004       [1]    FSR
0x0005       [1]    PORTA
0x0006       [1]    PORTB
0x0007       [1]    PORTC
0x0008       [1]    PORTD
0x000A       [1]    PCLATH
0x0020       [1]    _red
0x0021       [1]    _left
0x0022       [1]    _left1
0x0023       [1]    _right
0x0024       [1]    _count
0x0025       [1]    _red1
0x0026       [1]    _green
0x0027      [10]    _i2
0x0031      [10]    _i1
0x003B      [10]    _i3
0x0045      [10]    _i0
0x004F       [1]    _right1
0x0050       [1]    _green1
0x0051       [1]    _i
0x0052       [1]    _yellow
0x0053       [2]    ___DoICPAddr
0x0055       [2]    FLOC__main
0x0070       [1]    R0
0x0071       [1]    R1
0x0072       [1]    R2
0x0073       [1]    R3
0x0074       [1]    R4
0x0075       [1]    R5
0x0076       [1]    R6
0x0077       [1]    R7
0x0078       [1]    R8
0x0079       [1]    R9
0x007A       [1]    R10
0x007B       [1]    R11
0x007C       [1]    R12
0x007D       [1]    R13
0x007E       [1]    R14
0x007F       [1]    R15
0x0085       [1]    TRISA
0x0086       [1]    TRISB
0x0087       [1]    TRISC
0x0088       [1]    TRISD
0x009F       [1]    ADCON1
//** Constants locations ** 
//ADDRESS    SIZE    CONSTANT
//----------------------------------------------
0x0401       [1]    ?ICS_red
0x0402       [1]    ?ICS_left
0x0403       [1]    ?ICS_left1
0x0404       [1]    ?ICS_right
0x0405       [1]    ?ICS_count
0x0406       [1]    ?ICS_red1
0x0407       [1]    ?ICS_green
0x0408      [10]    ?ICS_i2
0x0412      [10]    ?ICS_i1
0x041C      [10]    ?ICS_i3
0x0426      [10]    ?ICS_i0
0x0430       [1]    ?ICS_right1
0x0431       [1]    ?ICS_green1
0x0432       [1]    ?ICS_i
0x0433       [1]    ?ICS_yellow
//** Label List: ** 
//----------------------------------------------
  L_main0
  L_main1
  L_main2
  L_main3
  L_main4
  ___main_autom
  L_main5
  ___main_manual
  L_main6
  L_main7
  L_main8
  L_main9
  L_main10
  L_main11
  L_main12
  L_main13
  L_main14
  L_main15
  L_main16
  L_main17
  L_main18
  L_main19
  L_main20
  L_main21
  L_main22
  L_main23
  L_main24
  L_main25
  L_main26
  L_main27
  L_main28
  L_main29
  L_main30
  L_main31
  L_main32
  L_main33
  L_main34
  L_main35
  L_main36
  L_main37
  L_main38
  L_main39
  L_main40
  L_main41
  L_main42
  L_main43
  L_main44
  L_main45
  L_main46
  L_main47
  L_main48
  L_main49
  L_main50
  L_main51
  L_main52
  L_end_main
  _main
  L__main54
  L__main55
  L__main56
  L__main57
  L__main58
  L__main59
  L__main60
  L__main61
  L__main62
  L__main63
  L__main64
  L__main65
  L__main66
  L__main67
  L__main68
  L__main69
  L__main70
  L__main71
  L__main72
  L__main73
  L__main74
  L__main75
  L__main76
  L__main77
  L__main78
  L__main79
  L__main80
  L__main81
  L__main82
  L__main83
  L__main84
  L__main85
  L__main86
  L__main87
  L__main88
  L__main89
  L__main90
  L__main91
  L__main92
  L__main93
  L__main94
  L__main95
  L__main96
  L__main97
  L__main98
  L__main99
  L__main100
  L__main101
  L__main102
  L__main103
  L__main104
  L__main105
  L__main106
  L__main107
  L__main108
  L__main109
  L__main110
  L__main111
  L__main112
  L__main113
  L__main114
  L__main115
  L__main116
  L__main117
  L__main118
  L__main119
  L__main120
  L__main121
  L__main122
  L__main123
  L__main124
  L__main125
  L__main126
  L__main127
  L__main128
  L__main129
  L__main130
  L__main131
  L__main132
  L__main133
  L__main134
  L__main135
  L__main136
  L__main137
  L__main138
  L__main139
  L__main140
  L__main141
  L__main142
  L__main143
  L__main144
  L__main145
  L__main146
  L__main147
  L__main148
  L__main149
  L_Div_16x16_S0
  L_Div_16x16_S1
  LOOPS3232A
  SADD22LA
  SOK22LA
  SADD22L8
  SOK22L8
  LOOPS3232B
  SADD22LB
  SOK22LB
  SADD22L16
  SOK22L16
  LOOPS3232C
  SADD22LC
  SOK22LC
  SADD22L24
  SOK22L24
  LOOPS3232D
  SADD22LD
  SOK22LD
  SOK22L
  L_Div_32x32_S6
  L_Div_32x32_S7
  L_Div_32x32_S8
  L_Div_32x32_S9
  FXD3232S
  END_ALL
  CA3232S
  C3232SX
  C3232SX1
  C3232S
  C3232S2
  C3232SX4
  C3232SOK
  C3232SX3
  C3232SX2
  avoid_comfrem
  LOOPU3232A
  UADD22LA
  UOK22LA
  UADD22L8
  UOK22L8
  LOOPU3232B
  UADD22LB
  UOK22LB
  UADD22L16
  UOK22L16
  LOOPU3232C
  UADD22LC
  UOK22LC
  UADD22L24
  UOK22L24
  LOOPU3232D
  UADD22LD
  UOK22LD
  UOK22L
  _NEXT
  _EXIT2
  _LOOP
  _EXIT1
  _IF_FIRST
  _IF_SECOND
  _INVERCE_FIRST
  _MULT
  _INBERSE_SECOND
  _EXIT
  L_end_Mul_8X8_U
  _Mul_8X8_U
  L_end_Mul_16X16_U
  _Mul_16X16_U
  L_end_Div_8X8_U
  _Div_8X8_U
  L_end_Div_16X16_U
  _Div_16X16_U
  L_end_Mul_8X8_S
  _Mul_8X8_S
  L_end_Mul_16X16_S
  _Mul_16X16_S
  L_end_Div_16x16_S_L
  _Div_16x16_S_L
  L_end_Div_16x16_S
  _Div_16x16_S
  L_end_Div_8X8_S
  _Div_8X8_S
  L_end_SDIV3232L
  _SDIV3232L
  L_end_COMFREM
  _COMFREM
  L_end_Div_32x32_S
  _Div_32x32_S
  L_end_Div_32x32_U
  _Div_32x32_U
  L_end_Mul_32x32_U
  _Mul_32x32_U
  L_end_Mul_32x32_S
  _Mul_32x32_S
  L_loopCA2AWs
  L_CA2AWend
  _CCA2AW_Loop1
  L_loopCS2Ss
  L_CS2Send
  _CCS2S_Loop1
  L_CCS2Send
  L_loopFZinSWs
  L_FZinSend
  _CC2D_Loop1
  L_end_____DoICP
  _____DoICP
  L_end_____DoIFC
  _____DoIFC
  L_end___CA2AW
  ___CA2AW
  L_end___CCA2AW
  ___CCA2AW
  L_end___CS2S
  ___CS2S
  L_end___CCS2S
  ___CCS2S
  L_end___FZinS
  ___FZinS
  L_end___CC2DW
  ___CC2DW
  L_end_Swap
  _Swap
